<?xml version="1.0" encoding="UTF-8"?>
<testsuite name="com.skydoves.pokedex.DetailViewModelTest" tests="1" skipped="0" failures="0" errors="0" timestamp="2025-03-04T09:57:34.086Z" hostname="Siffatjots-MacBook-Pro.local" time="0.638">
  <properties/>
  <testcase name="fetchPokemonInfoTest" classname="com.skydoves.pokedex.DetailViewModelTest" time="0.638"/>
  <system-out><![CDATA[]]></system-out>
  <system-err><![CDATA[]]></system-err>
</testsuite>
