<?xml version="1.0" encoding="UTF-8"?>
<testsuite name="com.skydoves.pokedex.core.network.PokedexServiceTest" tests="2" skipped="0" failures="0" errors="0" timestamp="2025-03-04T09:36:24.054Z" hostname="Siffatjots-MacBook-Pro.local" time="0.235">
  <properties/>
  <testcase name="fetchPokemonInfoFromNetworkTest" classname="com.skydoves.pokedex.core.network.PokedexServiceTest" time="0.222"/>
  <testcase name="fetchPokemonListFromNetworkTest" classname="com.skydoves.pokedex.core.network.PokedexServiceTest" time="0.013"/>
  <system-out><![CDATA[]]></system-out>
  <system-err><![CDATA[]]></system-err>
</testsuite>
