<?xml version="1.0" encoding="UTF-8"?>
<testsuite name="com.skydoves.pokedex.MainViewModelTest" tests="1" skipped="0" failures="0" errors="0" timestamp="2025-03-04T09:57:36.303Z" hostname="Siffatjots-MacBook-Pro.local" time="0.022">
  <properties/>
  <testcase name="fetchPokemonListTest" classname="com.skydoves.pokedex.MainViewModelTest" time="0.022"/>
  <system-out><![CDATA[]]></system-out>
  <system-err><![CDATA[]]></system-err>
</testsuite>
