<?xml version="1.0" encoding="UTF-8"?>
<testsuite name="com.skydoves.pokedex.core.data.MainRepositoryImplTest" tests="2" skipped="0" failures="0" errors="0" timestamp="2025-03-04T09:36:24.618Z" hostname="Siffatjots-MacBook-Pro.local" time="0.019">
  <properties/>
  <testcase name="fetchPokemonListFromNetworkTest" classname="com.skydoves.pokedex.core.data.MainRepositoryImplTest" time="0.016"/>
  <testcase name="fetchPokemonListFromDatabaseTest" classname="com.skydoves.pokedex.core.data.MainRepositoryImplTest" time="0.003"/>
  <system-out><![CDATA[]]></system-out>
  <system-err><![CDATA[]]></system-err>
</testsuite>
