<?xml version="1.0" encoding="UTF-8"?>
<testsuite name="com.skydoves.pokedex.core.data.MainRepositoryImplTest" tests="2" skipped="0" failures="0" errors="0" timestamp="2025-03-04T09:36:27.404Z" hostname="Siffatjots-MacBook-Pro.local" time="0.053">
  <properties/>
  <testcase name="fetchPokemonListFromNetworkTest" classname="com.skydoves.pokedex.core.data.MainRepositoryImplTest" time="0.045"/>
  <testcase name="fetchPokemonListFromDatabaseTest" classname="com.skydoves.pokedex.core.data.MainRepositoryImplTest" time="0.008"/>
  <system-out><![CDATA[]]></system-out>
  <system-err><![CDATA[]]></system-err>
</testsuite>
