<?xml version="1.0" encoding="UTF-8"?>
<testsuite name="com.skydoves.pokedex.core.database.PokemonDaoTest" tests="1" skipped="0" failures="0" errors="0" timestamp="2025-03-04T09:36:24.031Z" hostname="Siffatjots-MacBook-Pro.local" time="1.78">
  <properties/>
  <testcase name="insertAndLoadPokemonListTest" classname="com.skydoves.pokedex.core.database.PokemonDaoTest" time="1.78"/>
  <system-out><![CDATA[WARNING: No manifest file found at ./AndroidManifest.xml.
Falling back to the Android OS resources only.
To remove this warning, annotate your test class with @Config(manifest=Config.NONE).
If you're using Android Gradle Plugin, add testOptions.unitTests.includeAndroidResources = true to your build.gradle
]]></system-out>
  <system-err><![CDATA[]]></system-err>
</testsuite>
